2021-05-14 14:46:05.109  INFO 6236 --- [restartedMain] com.ax.manager.ManagerApplication        : Starting ManagerApplication on LAPTOP-0U2MK58R with PID 6236 (D:\workSpace\Server\target\classes started by Duke in D:\workSpace\Server)
2021-05-14 14:46:05.118  INFO 6236 --- [restartedMain] com.ax.manager.ManagerApplication        : No active profile set, falling back to default profiles: default
2021-05-14 14:46:05.176  INFO 6236 --- [restartedMain] .e.DevToolsPropertyDefaultsPostProcessor : Devtools property defaults active! Set 'spring.devtools.add-properties' to 'false' to disable
2021-05-14 14:46:05.176  INFO 6236 --- [restartedMain] .e.DevToolsPropertyDefaultsPostProcessor : For additional web related logging consider setting the 'logging.level.web' property to 'DEBUG'
2021-05-14 14:46:05.882  WARN 6236 --- [restartedMain] t.m.s.mapper.ClassPathMapperScanner      : No MyBatis mapper was found in '[com.ax.manager]' package. Please check your configuration.
2021-05-14 14:46:05.890  WARN 6236 --- [restartedMain] o.m.s.mapper.ClassPathMapperScanner      : No MyBatis mapper was found in '[com.ax.manager]' package. Please check your configuration.
2021-05-14 14:46:06.132  INFO 6236 --- [restartedMain] trationDelegate$BeanPostProcessorChecker : Bean 'shiroConfig' of type [com.ax.manager.config.ShiroConfig$$EnhancerBySpringCGLIB$$1d851f64] is not eligible for getting processed by all BeanPostProcessors (for example: not eligible for auto-proxying)
2021-05-14 14:46:06.141  INFO 6236 --- [restartedMain] trationDelegate$BeanPostProcessorChecker : Bean 'org.springframework.transaction.annotation.ProxyTransactionManagementConfiguration' of type [org.springframework.transaction.annotation.ProxyTransactionManagementConfiguration$$EnhancerBySpringCGLIB$$dc1c17ad] is not eligible for getting processed by all BeanPostProcessors (for example: not eligible for auto-proxying)
2021-05-14 14:46:07.177  INFO 6236 --- [restartedMain] trationDelegate$BeanPostProcessorChecker : Bean 'hashedCredentialsMatcher' of type [org.apache.shiro.authc.credential.HashedCredentialsMatcher] is not eligible for getting processed by all BeanPostProcessors (for example: not eligible for auto-proxying)
2021-05-14 14:46:07.211  INFO 6236 --- [restartedMain] trationDelegate$BeanPostProcessorChecker : Bean 'mybatis-tk.mybatis.mapper.autoconfigure.MybatisProperties' of type [tk.mybatis.mapper.autoconfigure.MybatisProperties] is not eligible for getting processed by all BeanPostProcessors (for example: not eligible for auto-proxying)
2021-05-14 14:46:07.218  INFO 6236 --- [restartedMain] trationDelegate$BeanPostProcessorChecker : Bean 'tk.mybatis.mapper.autoconfigure.MapperAutoConfiguration' of type [tk.mybatis.mapper.autoconfigure.MapperAutoConfiguration$$EnhancerBySpringCGLIB$$920cbf46] is not eligible for getting processed by all BeanPostProcessors (for example: not eligible for auto-proxying)
2021-05-14 14:46:07.220  INFO 6236 --- [restartedMain] trationDelegate$BeanPostProcessorChecker : Bean 'com.alibaba.druid.spring.boot.autoconfigure.DruidDataSourceAutoConfigure' of type [com.alibaba.druid.spring.boot.autoconfigure.DruidDataSourceAutoConfigure$$EnhancerBySpringCGLIB$$f5c80d1f] is not eligible for getting processed by all BeanPostProcessors (for example: not eligible for auto-proxying)
2021-05-14 14:46:07.223  INFO 6236 --- [restartedMain] c.a.d.s.b.a.DruidDataSourceAutoConfigure : Init DruidDataSource
2021-05-14 14:46:07.270  INFO 6236 --- [restartedMain] trationDelegate$BeanPostProcessorChecker : Bean 'spring.datasource-org.springframework.boot.autoconfigure.jdbc.DataSourceProperties' of type [org.springframework.boot.autoconfigure.jdbc.DataSourceProperties] is not eligible for getting processed by all BeanPostProcessors (for example: not eligible for auto-proxying)
2021-05-14 14:46:07.275  INFO 6236 --- [restartedMain] trationDelegate$BeanPostProcessorChecker : Bean 'com.alibaba.druid.spring.boot.autoconfigure.stat.DruidFilterConfiguration' of type [com.alibaba.druid.spring.boot.autoconfigure.stat.DruidFilterConfiguration] is not eligible for getting processed by all BeanPostProcessors (for example: not eligible for auto-proxying)
2021-05-14 14:46:07.303  INFO 6236 --- [restartedMain] trationDelegate$BeanPostProcessorChecker : Bean 'statFilter' of type [com.alibaba.druid.filter.stat.StatFilter] is not eligible for getting processed by all BeanPostProcessors (for example: not eligible for auto-proxying)
2021-05-14 14:46:07.764  INFO 6236 --- [restartedMain] com.alibaba.druid.pool.DruidDataSource   : {dataSource-1} inited
2021-05-14 14:46:07.765  INFO 6236 --- [restartedMain] trationDelegate$BeanPostProcessorChecker : Bean 'dataSource' of type [com.alibaba.druid.spring.boot.autoconfigure.DruidDataSourceWrapper] is not eligible for getting processed by all BeanPostProcessors (for example: not eligible for auto-proxying)
2021-05-14 14:46:07.776  INFO 6236 --- [restartedMain] trationDelegate$BeanPostProcessorChecker : Bean 'org.springframework.boot.autoconfigure.jdbc.DataSourceInitializerInvoker' of type [org.springframework.boot.autoconfigure.jdbc.DataSourceInitializerInvoker] is not eligible for getting processed by all BeanPostProcessors (for example: not eligible for auto-proxying)
2021-05-14 14:46:08.003  INFO 6236 --- [restartedMain] trationDelegate$BeanPostProcessorChecker : Bean 'sqlSessionFactory' of type [org.apache.ibatis.session.defaults.DefaultSqlSessionFactory] is not eligible for getting processed by all BeanPostProcessors (for example: not eligible for auto-proxying)
2021-05-14 14:46:08.007  INFO 6236 --- [restartedMain] trationDelegate$BeanPostProcessorChecker : Bean 'sqlSessionTemplate' of type [org.mybatis.spring.SqlSessionTemplate] is not eligible for getting processed by all BeanPostProcessors (for example: not eligible for auto-proxying)
2021-05-14 14:46:08.078  INFO 6236 --- [restartedMain] trationDelegate$BeanPostProcessorChecker : Bean 'baseAdminUserMapper' of type [tk.mybatis.spring.mapper.MapperFactoryBean] is not eligible for getting processed by all BeanPostProcessors (for example: not eligible for auto-proxying)
2021-05-14 14:46:08.081  INFO 6236 --- [restartedMain] trationDelegate$BeanPostProcessorChecker : Bean 'baseAdminUserMapper' of type [com.sun.proxy.$Proxy68] is not eligible for getting processed by all BeanPostProcessors (for example: not eligible for auto-proxying)
2021-05-14 14:46:08.090  INFO 6236 --- [restartedMain] trationDelegate$BeanPostProcessorChecker : Bean 'adminUserServiceImpl' of type [com.ax.manager.service.impl.AdminUserServiceImpl] is not eligible for getting processed by all BeanPostProcessors (for example: not eligible for auto-proxying)
2021-05-14 14:46:08.130  INFO 6236 --- [restartedMain] trationDelegate$BeanPostProcessorChecker : Bean 'baseAdminRoleMapper' of type [tk.mybatis.spring.mapper.MapperFactoryBean] is not eligible for getting processed by all BeanPostProcessors (for example: not eligible for auto-proxying)
2021-05-14 14:46:08.132  INFO 6236 --- [restartedMain] trationDelegate$BeanPostProcessorChecker : Bean 'baseAdminRoleMapper' of type [com.sun.proxy.$Proxy72] is not eligible for getting processed by all BeanPostProcessors (for example: not eligible for auto-proxying)
2021-05-14 14:46:08.168  INFO 6236 --- [restartedMain] trationDelegate$BeanPostProcessorChecker : Bean 'baseAdminPermissionMapper' of type [tk.mybatis.spring.mapper.MapperFactoryBean] is not eligible for getting processed by all BeanPostProcessors (for example: not eligible for auto-proxying)
2021-05-14 14:46:08.169  INFO 6236 --- [restartedMain] trationDelegate$BeanPostProcessorChecker : Bean 'baseAdminPermissionMapper' of type [com.sun.proxy.$Proxy74] is not eligible for getting processed by all BeanPostProcessors (for example: not eligible for auto-proxying)
2021-05-14 14:46:08.173  INFO 6236 --- [restartedMain] trationDelegate$BeanPostProcessorChecker : Bean 'adminRoleServiceImpl' of type [com.ax.manager.service.impl.AdminRoleServiceImpl] is not eligible for getting processed by all BeanPostProcessors (for example: not eligible for auto-proxying)
2021-05-14 14:46:08.175  INFO 6236 --- [restartedMain] trationDelegate$BeanPostProcessorChecker : Bean 'adminPermissionServiceImpl' of type [com.ax.manager.service.impl.AdminPermissionServiceImpl] is not eligible for getting processed by all BeanPostProcessors (for example: not eligible for auto-proxying)
2021-05-14 14:46:08.175  INFO 6236 --- [restartedMain] trationDelegate$BeanPostProcessorChecker : Bean 'shiroRealm' of type [com.ax.manager.shiro.MyRealm] is not eligible for getting processed by all BeanPostProcessors (for example: not eligible for auto-proxying)
2021-05-14 14:46:08.235  INFO 6236 --- [restartedMain] trationDelegate$BeanPostProcessorChecker : Bean 'ehCacheManager' of type [org.apache.shiro.cache.ehcache.EhCacheManager] is not eligible for getting processed by all BeanPostProcessors (for example: not eligible for auto-proxying)
2021-05-14 14:46:08.236  INFO 6236 --- [restartedMain] o.a.shiro.cache.ehcache.EhCacheManager   : Cache with name 'com.ax.manager.shiro.MyRealm.authorizationCache' does not yet exist.  Creating now.
2021-05-14 14:46:08.238  INFO 6236 --- [restartedMain] o.a.shiro.cache.ehcache.EhCacheManager   : Added EhCache named [com.ax.manager.shiro.MyRealm.authorizationCache]
2021-05-14 14:46:08.243  INFO 6236 --- [restartedMain] trationDelegate$BeanPostProcessorChecker : Bean 'enterCacheSessionDAO' of type [org.apache.shiro.session.mgt.eis.EnterpriseCacheSessionDAO] is not eligible for getting processed by all BeanPostProcessors (for example: not eligible for auto-proxying)
2021-05-14 14:46:08.245  INFO 6236 --- [restartedMain] trationDelegate$BeanPostProcessorChecker : Bean 'sessionIdCookie' of type [org.apache.shiro.web.servlet.SimpleCookie] is not eligible for getting processed by all BeanPostProcessors (for example: not eligible for auto-proxying)
2021-05-14 14:46:08.248  INFO 6236 --- [restartedMain] trationDelegate$BeanPostProcessorChecker : Bean 'sessionManager' of type [org.apache.shiro.web.session.mgt.DefaultWebSessionManager] is not eligible for getting processed by all BeanPostProcessors (for example: not eligible for auto-proxying)
2021-05-14 14:46:08.250  INFO 6236 --- [restartedMain] oConfig$$EnhancerBySpringCGLIB$$1d851f64 : 记住我，设置cookie过期时间！
2021-05-14 14:46:08.250  INFO 6236 --- [restartedMain] trationDelegate$BeanPostProcessorChecker : Bean 'remeberMeCookie' of type [org.apache.shiro.web.servlet.SimpleCookie] is not eligible for getting processed by all BeanPostProcessors (for example: not eligible for auto-proxying)
2021-05-14 14:46:08.252  INFO 6236 --- [restartedMain] trationDelegate$BeanPostProcessorChecker : Bean 'rememberMeManager' of type [org.apache.shiro.web.mgt.CookieRememberMeManager] is not eligible for getting processed by all BeanPostProcessors (for example: not eligible for auto-proxying)
2021-05-14 14:46:08.253  INFO 6236 --- [restartedMain] trationDelegate$BeanPostProcessorChecker : Bean 'securityManager' of type [org.apache.shiro.web.mgt.DefaultWebSecurityManager] is not eligible for getting processed by all BeanPostProcessors (for example: not eligible for auto-proxying)
2021-05-14 14:46:08.255  INFO 6236 --- [restartedMain] oConfig$$EnhancerBySpringCGLIB$$1d851f64 : Shiro拦截器工厂类注入开始
2021-05-14 14:46:08.257  INFO 6236 --- [restartedMain] o.a.shiro.cache.ehcache.EhCacheManager   : Using existing EHCache named [shiro-activeSessionCache]
2021-05-14 14:46:08.258  INFO 6236 --- [restartedMain] oConfig$$EnhancerBySpringCGLIB$$1d851f64 : Shiro拦截器工厂类注入成功
2021-05-14 14:46:08.525  INFO 6236 --- [restartedMain] o.s.b.w.embedded.tomcat.TomcatWebServer  : Tomcat initialized with port(s): 9181 (http)
2021-05-14 14:46:08.542  INFO 6236 --- [restartedMain] o.apache.catalina.core.StandardService   : Starting service [Tomcat]
2021-05-14 14:46:08.542  INFO 6236 --- [restartedMain] org.apache.catalina.core.StandardEngine  : Starting Servlet Engine: Apache Tomcat/9.0.12
2021-05-14 14:46:08.549  INFO 6236 --- [restartedMain] o.a.catalina.core.AprLifecycleListener   : The APR based Apache Tomcat Native library which allows optimal performance in production environments was not found on the java.library.path: [C:\Program Files\Java\jdk1.8.0_221\bin;C:\WINDOWS\Sun\Java\bin;C:\WINDOWS\system32;C:\WINDOWS;C:\Program Files (x86)\Common Files\Oracle\Java\javapath;C:\Windows\system32;C:\Windows;C:\Windows\System32\Wbem;C:\Windows\System32\WindowsPowerShell\v1.0\;C:\Windows\System32\OpenSSH\;C:\Program Files\NVIDIA Corporation\NVIDIA NvDLISR;C:\Program Files\Intel\WiFi\bin\;C:\Program Files\Common Files\Intel\WirelessCommon\;C:\Program Files (x86)\dotnet\;D:\work\apache-maven-3.6.1\bin;C:\Android;C:\Program Files\TortoiseSVN\bin;C:\Program Files\Git\cmd;C:\WINDOWS\system32;C:\WINDOWS;C:\WINDOWS\System32\Wbem;C:\WINDOWS\System32\WindowsPowerShell\v1.0\;C:\WINDOWS\System32\OpenSSH\;D:\software\nodeJS\;C:\Users\Duke\AppData\Local\Programs\Python\Python39\Scripts\;C:\Users\Duke\AppData\Local\Programs\Python\Python39\;C:\Users\Duke\AppData\Local\Microsoft\WindowsApps;D:\software\Bandizip\;C:\Program Files\Java\jdk1.8.0_221\bin;C:\Program Files\Java\jdk1.8.0_221\jre\bin;C:\Users\Duke\AppData\Local\GitHubDesktop\bin;C:\Users\Duke\AppData\Local\Pandoc\;D:\software\Microsoft VS Code\bin;C:\Users\Duke\AppData\Local\Microsoft\WindowsApps;C:\Users\Duke\AppData\Roaming\npm;.]
2021-05-14 14:46:08.652  INFO 6236 --- [restartedMain] o.a.c.c.C.[Tomcat].[localhost].[/]       : Initializing Spring embedded WebApplicationContext
2021-05-14 14:46:08.652  INFO 6236 --- [restartedMain] o.s.web.context.ContextLoader            : Root WebApplicationContext: initialization completed in 3476 ms
2021-05-14 14:46:08.701  INFO 6236 --- [restartedMain] o.s.b.w.servlet.ServletRegistrationBean  : Servlet dispatcherServlet mapped to [/]
2021-05-14 14:46:08.703  INFO 6236 --- [restartedMain] o.s.b.w.servlet.ServletRegistrationBean  : Servlet statViewServlet mapped to [/druid/*]
2021-05-14 14:46:08.708  INFO 6236 --- [restartedMain] o.s.b.w.servlet.FilterRegistrationBean   : Mapping filter: 'characterEncodingFilter' to: [/*]
2021-05-14 14:46:08.709  INFO 6236 --- [restartedMain] o.s.b.w.servlet.FilterRegistrationBean   : Mapping filter: 'hiddenHttpMethodFilter' to: [/*]
2021-05-14 14:46:08.709  INFO 6236 --- [restartedMain] o.s.b.w.servlet.FilterRegistrationBean   : Mapping filter: 'formContentFilter' to: [/*]
2021-05-14 14:46:08.710  INFO 6236 --- [restartedMain] o.s.b.w.servlet.FilterRegistrationBean   : Mapping filter: 'requestContextFilter' to: [/*]
2021-05-14 14:46:08.710  INFO 6236 --- [restartedMain] o.s.b.w.servlet.FilterRegistrationBean   : Mapping filter: 'webStatFilter' to urls: [/*]
2021-05-14 14:46:08.710  INFO 6236 --- [restartedMain] o.s.b.w.servlet.FilterRegistrationBean   : Mapping filter: 'shiroFilterFactoryBean' to: [/*]
2021-05-14 14:46:09.013  INFO 6236 --- [restartedMain] o.s.s.concurrent.ThreadPoolTaskExecutor  : Initializing ExecutorService 'applicationTaskExecutor'
2021-05-14 14:46:09.125  INFO 6236 --- [restartedMain] o.s.b.a.w.s.WelcomePageHandlerMapping    : Adding welcome page template: index
2021-05-14 14:46:09.245  WARN 6236 --- [restartedMain] o.s.b.d.a.OptionalLiveReloadServer       : Unable to start LiveReload server
2021-05-14 14:46:09.309  INFO 6236 --- [restartedMain] o.s.b.w.embedded.tomcat.TomcatWebServer  : Tomcat started on port(s): 9181 (http) with context path ''
2021-05-14 14:46:09.312  INFO 6236 --- [restartedMain] com.ax.manager.ManagerApplication        : Started ManagerApplication in 4.693 seconds (JVM running for 6.512)
2021-05-14 14:46:23.119  INFO 6236 --- [http-nio-9181-exec-3] o.a.c.c.C.[Tomcat].[localhost].[/]       : Initializing Spring DispatcherServlet 'dispatcherServlet'
2021-05-14 14:46:23.119  INFO 6236 --- [http-nio-9181-exec-3] o.s.web.servlet.DispatcherServlet        : Initializing Servlet 'dispatcherServlet'
2021-05-14 14:46:23.127  INFO 6236 --- [http-nio-9181-exec-3] o.s.web.servlet.DispatcherServlet        : Completed initialization in 8 ms
2021-05-14 14:46:23.140  INFO 6236 --- [http-nio-9181-exec-3] a.s.s.m.AbstractValidatingSessionManager : Enabling session validation scheduler...
2021-05-14 14:46:23.149  INFO 6236 --- [http-nio-9181-exec-3] o.a.shiro.cache.ehcache.EhCacheManager   : Using existing EHCache named [shiro-activeSessionCache]
2021-05-14 14:46:23.174  INFO 6236 --- [http-nio-9181-exec-1] c.ax.manager.controller.IndexController  : 定向登陆页
2021-05-14 14:46:23.614  INFO 6236 --- [http-nio-9181-exec-3] c.ax.manager.controller.IndexController  : 定向登陆页
